<?xml version="1.0" encoding="UTF-8"?>
<!-- Generated by org.testng.reporters.JUnitXMLReporter -->
<testsuite ignored="0" hostname="LAPTOP-SUO6RHUI" failures="0" tests="3" name="RedBus Tests" time="94.506" errors="0" timestamp="2026-09-16T16:14:10 IST">
  <testcase classname="tests.RedBusTests" name="searchBus" time="29.324"/>
  <testcase classname="tests.RedBusTests" name="searchBus" time="29.528"/>
  <testcase classname="tests.RedBusTests" name="searchBus" time="29.399"/>
</testsuite> <!-- RedBus Tests -->
