<?xml version="1.0" encoding="UTF-8"?>
<!-- Generated by org.testng.reporters.JUnitXMLReporter -->
<testsuite ignored="0" hostname="LAPTOP-SUO6RHUI" failures="0" tests="3" name="Default test" time="94.913" errors="0" timestamp="2026-09-16T16:01:57 IST">
  <testcase classname="tests.RedBusTests" name="searchBus" time="29.512"/>
  <testcase classname="tests.RedBusTests" name="searchBus" time="29.448"/>
  <testcase classname="tests.RedBusTests" name="searchBus" time="29.52"/>
</testsuite> <!-- Default test -->
