<?xml version="1.0" encoding="UTF-8"?>
<testng-results ignored="0" total="3" passed="3" failed="0" skipped="0">
  <reporter-output>
  </reporter-output>
  <suite started-at="2026-09-16T16:12:36 IST" name="RedBus Suite" finished-at="2026-09-16T16:14:10 IST" duration-ms="94506">
    <groups>
    </groups>
    <test started-at="2026-09-16T16:12:36 IST" name="RedBus Tests" finished-at="2026-09-16T16:14:10 IST" duration-ms="94506">
      <class name="tests.RedBusTests">
        <test-method is-config="true" signature="startReport()[pri:0, instance:tests.RedBusTests@49438269]" started-at="2026-09-16T16:12:36 IST" name="startReport" finished-at="2026-09-16T16:12:36 IST" duration-ms="170" status="PASS">
          <reporter-output>
          </reporter-output>
        </test-method> <!-- startReport -->
        <test-method is-config="true" signature="setUp()[pri:0, instance:tests.RedBusTests@49438269]" started-at="2026-09-16T16:12:36 IST" name="setUp" finished-at="2026-09-16T16:12:38 IST" duration-ms="2064" status="PASS">
          <reporter-output>
          </reporter-output>
        </test-method> <!-- setUp -->
        <test-method signature="searchBus(java.lang.String,java.lang.String)[pri:0, instance:tests.RedBusTests@49438269]" started-at="2026-09-16T16:12:38 IST" name="searchBus" data-provider="busData" finished-at="2026-09-16T16:13:08 IST" duration-ms="29324" status="PASS">
          <params>
            <param index="0">
              <value>
                <![CDATA[Ernakulam]]>
              </value>
            </param>
            <param index="1">
              <value>
                <![CDATA[Kozhikode]]>
              </value>
            </param>
          </params>
          <reporter-output>
          </reporter-output>
        </test-method> <!-- searchBus -->
        <test-method is-config="true" signature="tearDown()[pri:0, instance:tests.RedBusTests@49438269]" started-at="2026-09-16T16:13:08 IST" name="tearDown" finished-at="2026-09-16T16:13:08 IST" duration-ms="206" status="PASS">
          <reporter-output>
          </reporter-output>
        </test-method> <!-- tearDown -->
        <test-method is-config="true" signature="setUp()[pri:0, instance:tests.RedBusTests@49438269]" started-at="2026-09-16T16:13:08 IST" name="setUp" finished-at="2026-09-16T16:13:09 IST" duration-ms="1662" status="PASS">
          <reporter-output>
          </reporter-output>
        </test-method> <!-- setUp -->
        <test-method signature="searchBus(java.lang.String,java.lang.String)[pri:0, instance:tests.RedBusTests@49438269]" started-at="2026-09-16T16:13:09 IST" name="searchBus" data-provider="busData" finished-at="2026-09-16T16:13:39 IST" duration-ms="29528" status="PASS">
          <params>
            <param index="0">
              <value>
                <![CDATA[Kottayam]]>
              </value>
            </param>
            <param index="1">
              <value>
                <![CDATA[Kochi]]>
              </value>
            </param>
          </params>
          <reporter-output>
          </reporter-output>
        </test-method> <!-- searchBus -->
        <test-method is-config="true" signature="tearDown()[pri:0, instance:tests.RedBusTests@49438269]" started-at="2026-09-16T16:13:39 IST" name="tearDown" finished-at="2026-09-16T16:13:39 IST" duration-ms="208" status="PASS">
          <reporter-output>
          </reporter-output>
        </test-method> <!-- tearDown -->
        <test-method is-config="true" signature="setUp()[pri:0, instance:tests.RedBusTests@49438269]" started-at="2026-09-16T16:13:39 IST" name="setUp" finished-at="2026-09-16T16:13:41 IST" duration-ms="1387" status="PASS">
          <reporter-output>
          </reporter-output>
        </test-method> <!-- setUp -->
        <test-method signature="searchBus(java.lang.String,java.lang.String)[pri:0, instance:tests.RedBusTests@49438269]" started-at="2026-09-16T16:13:41 IST" name="searchBus" data-provider="busData" finished-at="2026-09-16T16:14:10 IST" duration-ms="29399" status="PASS">
          <params>
            <param index="0">
              <value>
                <![CDATA[Thrissur]]>
              </value>
            </param>
            <param index="1">
              <value>
                <![CDATA[Ernakulam]]>
              </value>
            </param>
          </params>
          <reporter-output>
          </reporter-output>
        </test-method> <!-- searchBus -->
        <test-method is-config="true" signature="tearDown()[pri:0, instance:tests.RedBusTests@49438269]" started-at="2026-09-16T16:14:10 IST" name="tearDown" finished-at="2026-09-16T16:14:10 IST" duration-ms="181" status="PASS">
          <reporter-output>
          </reporter-output>
        </test-method> <!-- tearDown -->
        <test-method is-config="true" signature="endReport()[pri:0, instance:tests.RedBusTests@49438269]" started-at="2026-09-16T16:14:10 IST" name="endReport" finished-at="2026-09-16T16:14:10 IST" duration-ms="238" status="PASS">
          <reporter-output>
          </reporter-output>
        </test-method> <!-- endReport -->
      </class> <!-- tests.RedBusTests -->
    </test> <!-- RedBus Tests -->
  </suite> <!-- RedBus Suite -->
</testng-results>
