<?xml version="1.0" encoding="UTF-8"?>
<!-- Generated by org.testng.reporters.JUnitReportReporter -->
<testsuite hostname="LAPTOP-SUO6RHUI" failures="0" tests="3" name="tests.RedBusTests" time="93.959" errors="0" timestamp="2026-09-16T16:14:11 IST" skipped="0">
  <testcase classname="tests.RedBusTests" name="searchBus" time="31.800"/>
  <testcase classname="tests.RedBusTests" name="searchBus" time="31.167"/>
  <testcase classname="tests.RedBusTests" name="searchBus" time="30.992"/>
</testsuite> <!-- tests.RedBusTests -->
